2017-11-07 21:06:47.500 [br.com.fish.devops.Application.main()] INFO  br.com.fish.devops.Application - Starting Application on fireman with PID 18749 (/home/ianfireman/projects/devops/CLIENT_service/target/classes started by ianfireman in /home/ianfireman/projects/devops/CLIENT_service)
2017-11-07 21:06:47.580 [br.com.fish.devops.Application.main()] INFO  org.springframework.boot.context.embedded.AnnotationConfigEmbeddedWebApplicationContext - Refreshing org.springframework.boot.context.embedded.AnnotationConfigEmbeddedWebApplicationContext@58c3eb4f: startup date [Tue Nov 07 21:06:47 BRT 2017]; root of context hierarchy
2017-11-07 21:06:48.264 [br.com.fish.devops.Application.main()] INFO  org.springframework.beans.factory.support.DefaultListableBeanFactory - Overriding bean definition for bean 'beanNameViewResolver': replacing [Root bean: class [null]; scope=; abstract=false; lazyInit=false; autowireMode=3; dependencyCheck=0; autowireCandidate=true; primary=false; factoryBeanName=org.springframework.boot.autoconfigure.web.ErrorMvcAutoConfiguration$WhitelabelErrorViewConfiguration; factoryMethodName=beanNameViewResolver; initMethodName=null; destroyMethodName=(inferred); defined in class path resource [org/springframework/boot/autoconfigure/web/ErrorMvcAutoConfiguration$WhitelabelErrorViewConfiguration.class]] with [Root bean: class [null]; scope=; abstract=false; lazyInit=false; autowireMode=3; dependencyCheck=0; autowireCandidate=true; primary=false; factoryBeanName=org.springframework.boot.autoconfigure.web.WebMvcAutoConfiguration$WebMvcAutoConfigurationAdapter; factoryMethodName=beanNameViewResolver; initMethodName=null; destroyMethodName=(inferred); defined in class path resource [org/springframework/boot/autoconfigure/web/WebMvcAutoConfiguration$WebMvcAutoConfigurationAdapter.class]]
2017-11-07 21:06:48.507 [br.com.fish.devops.Application.main()] INFO  org.springframework.beans.factory.annotation.AutowiredAnnotationBeanPostProcessor - JSR-330 'javax.inject.Inject' annotation found and supported for autowiring
2017-11-07 21:06:48.586 [br.com.fish.devops.Application.main()] INFO  org.hibernate.validator.internal.util.Version - HV000001: Hibernate Validator 5.0.0.Final
2017-11-07 21:06:49.039 [br.com.fish.devops.Application.main()] INFO  org.springframework.boot.context.embedded.tomcat.TomcatEmbeddedServletContainer - Tomcat initialized with port(s): 8080/http
2017-11-07 21:06:49.229 [br.com.fish.devops.Application.main()] INFO  org.apache.catalina.core.StandardService - Starting service Tomcat
2017-11-07 21:06:49.232 [br.com.fish.devops.Application.main()] INFO  org.apache.catalina.core.StandardEngine - Starting Servlet Engine: Apache Tomcat/8.0.15
2017-11-07 21:06:49.341 [localhost-startStop-1] INFO  org.apache.catalina.core.ContainerBase.[Tomcat].[localhost].[/] - Initializing Spring embedded WebApplicationContext
2017-11-07 21:06:49.343 [localhost-startStop-1] INFO  org.springframework.web.context.ContextLoader - Root WebApplicationContext: initialization completed in 1768 ms
2017-11-07 21:06:50.281 [localhost-startStop-1] INFO  org.springframework.boot.context.embedded.FilterRegistrationBean - Mapping filter: 'requestContextFilter' to: [/*]
2017-11-07 21:06:50.283 [localhost-startStop-1] INFO  org.springframework.boot.context.embedded.FilterRegistrationBean - Mapping filter: 'hiddenHttpMethodFilter' to: [/*]
2017-11-07 21:06:50.285 [localhost-startStop-1] INFO  org.springframework.boot.context.embedded.FilterRegistrationBean - Mapping filter: 'characterEncodingFilter' to: [/*]
2017-11-07 21:06:50.286 [localhost-startStop-1] INFO  org.springframework.boot.context.embedded.ServletRegistrationBean - Mapping servlet: 'jerseyServlet' to [/*]
2017-11-07 21:06:50.292 [localhost-startStop-1] INFO  org.springframework.boot.context.embedded.ServletRegistrationBean - Mapping servlet: 'dispatcherServlet' to [/]
2017-11-07 21:06:50.611 [br.com.fish.devops.Application.main()] INFO  org.springframework.web.servlet.mvc.method.annotation.RequestMappingHandlerAdapter - Looking for @ControllerAdvice: org.springframework.boot.context.embedded.AnnotationConfigEmbeddedWebApplicationContext@58c3eb4f: startup date [Tue Nov 07 21:06:47 BRT 2017]; root of context hierarchy
2017-11-07 21:06:50.679 [br.com.fish.devops.Application.main()] INFO  org.springframework.web.servlet.mvc.method.annotation.RequestMappingHandlerMapping - Mapped "{[/error],methods=[],params=[],headers=[],consumes=[],produces=[text/html],custom=[]}" onto public org.springframework.web.servlet.ModelAndView org.springframework.boot.autoconfigure.web.BasicErrorController.errorHtml(javax.servlet.http.HttpServletRequest)
2017-11-07 21:06:50.682 [br.com.fish.devops.Application.main()] INFO  org.springframework.web.servlet.mvc.method.annotation.RequestMappingHandlerMapping - Mapped "{[/error],methods=[],params=[],headers=[],consumes=[],produces=[],custom=[]}" onto public org.springframework.http.ResponseEntity<java.util.Map<java.lang.String, java.lang.Object>> org.springframework.boot.autoconfigure.web.BasicErrorController.error(javax.servlet.http.HttpServletRequest)
2017-11-07 21:06:50.720 [br.com.fish.devops.Application.main()] INFO  org.springframework.web.servlet.handler.SimpleUrlHandlerMapping - Mapped URL path [/webjars/**] onto handler of type [class org.springframework.web.servlet.resource.ResourceHttpRequestHandler]
2017-11-07 21:06:50.721 [br.com.fish.devops.Application.main()] INFO  org.springframework.web.servlet.handler.SimpleUrlHandlerMapping - Mapped URL path [/**] onto handler of type [class org.springframework.web.servlet.resource.ResourceHttpRequestHandler]
2017-11-07 21:06:50.775 [br.com.fish.devops.Application.main()] INFO  org.springframework.web.servlet.handler.SimpleUrlHandlerMapping - Mapped URL path [/**/favicon.ico] onto handler of type [class org.springframework.web.servlet.resource.ResourceHttpRequestHandler]
2017-11-07 21:06:50.875 [br.com.fish.devops.Application.main()] INFO  org.springframework.jmx.export.annotation.AnnotationMBeanExporter - Registering beans for JMX exposure on startup
2017-11-07 21:06:50.896 [br.com.fish.devops.Application.main()] INFO  org.apache.coyote.http11.Http11NioProtocol - Initializing ProtocolHandler ["http-nio-8080"]
2017-11-07 21:06:50.909 [br.com.fish.devops.Application.main()] INFO  org.apache.coyote.http11.Http11NioProtocol - Starting ProtocolHandler ["http-nio-8080"]
2017-11-07 21:06:50.918 [br.com.fish.devops.Application.main()] INFO  org.apache.tomcat.util.net.NioSelectorPool - Using a shared selector for servlet write/read
2017-11-07 21:06:50.939 [br.com.fish.devops.Application.main()] INFO  org.springframework.boot.context.embedded.tomcat.TomcatEmbeddedServletContainer - Tomcat started on port(s): 8080/http
2017-11-07 21:06:50.946 [br.com.fish.devops.Application.main()] INFO  br.com.fish.devops.Application - Started Application in 3.74 seconds (JVM running for 10.508)
2017-11-07 21:09:45.858 [http-nio-8080-exec-1] WARN  br.com.fish.devops.rest.ClienteRestService - O cliente 6 foi inserido!
2017-11-07 21:19:26.208 [Thread-1] INFO  org.springframework.boot.context.embedded.AnnotationConfigEmbeddedWebApplicationContext - Closing org.springframework.boot.context.embedded.AnnotationConfigEmbeddedWebApplicationContext@58c3eb4f: startup date [Tue Nov 07 21:06:47 BRT 2017]; root of context hierarchy
